<?xml version="1.0" encoding="UTF-8"?>
<!-- Generated by org.testng.reporters.JUnitReportReporter -->
<testsuite skipped="0" hostname="BDC7-D-5W6HXH2" name="Example.EXP.NewTest1" tests="2" failures="0" timestamp="03 Jul 2018 05:24:22 GMT" time="0.023" errors="0">
  <testcase name="testpayment" time="0.004" classname="Example.EXP.NewTest1"/>
  <testcase name="testDemoWebshop" time="0.019" classname="Example.EXP.NewTest1"/>
</testsuite> <!-- Example.EXP.NewTest1 -->
